OpenSSH_8.9p1 Ubuntu-3ubuntu0.15, OpenSSL 3.0.2 15 Mar 2022
debug1: Reading configuration data /etc/ssh/ssh_config
debug1: /etc/ssh/ssh_config line 19: include /etc/ssh/ssh_config.d/*.conf matched no files
debug1: /etc/ssh/ssh_config line 21: Applying options for *
debug1: Connecting to github.com [4.228.31.150] port 22.
debug1: Connection established.
debug1: identity file /home/gus/.ssh/id_rsa type -1
debug1: identity file /home/gus/.ssh/id_rsa-cert type -1
debug1: identity file /home/gus/.ssh/id_ecdsa type -1
debug1: identity file /home/gus/.ssh/id_ecdsa-cert type -1
debug1: identity file /home/gus/.ssh/id_ecdsa_sk type -1
debug1: identity file /home/gus/.ssh/id_ecdsa_sk-cert type -1
debug1: identity file /home/gus/.ssh/id_ed25519 type 3
debug1: identity file /home/gus/.ssh/id_ed25519-cert type -1
debug1: identity file /home/gus/.ssh/id_ed25519_sk type -1
debug1: identity file /home/gus/.ssh/id_ed25519_sk-cert type -1
debug1: identity file /home/gus/.ssh/id_xmss type -1
debug1: identity file /home/gus/.ssh/id_xmss-cert type -1
debug1: identity file /home/gus/.ssh/id_dsa type -1
debug1: identity file /home/gus/.ssh/id_dsa-cert type -1
debug1: Local version string SSH-2.0-OpenSSH_8.9p1 Ubuntu-3ubuntu0.15
debug1: Remote protocol version 2.0, remote software version 8ad108e
debug1: compat_banner: no match: 8ad108e
debug1: Authenticating to github.com:22 as 'git'
debug1: load_hostkeys: fopen /home/gus/.ssh/known_hosts2: No such file or directory
debug1: load_hostkeys: fopen /etc/ssh/ssh_known_hosts: No such file or directory
debug1: load_hostkeys: fopen /etc/ssh/ssh_known_hosts2: No such file or directory
debug1: SSH2_MSG_KEXINIT sent
debug1: SSH2_MSG_KEXINIT received
debug1: kex: algorithm: curve25519-sha256
debug1: kex: host key algorithm: ssh-ed25519
debug1: kex: server->client cipher: chacha20-poly1305@openssh.com MAC: <implicit> compression: none
debug1: kex: client->server cipher: chacha20-poly1305@openssh.com MAC: <implicit> compression: none
debug1: expecting SSH2_MSG_KEX_ECDH_REPLY
debug1: SSH2_MSG_KEX_ECDH_REPLY received
debug1: Server host key: ssh-ed25519 SHA256:+DiY3wvvV6TuJJhbpZisF/zLDA0zPMSvHdkr4UvCOqU
debug1: load_hostkeys: fopen /home/gus/.ssh/known_hosts2: No such file or directory
debug1: load_hostkeys: fopen /etc/ssh/ssh_known_hosts: No such file or directory
debug1: load_hostkeys: fopen /etc/ssh/ssh_known_hosts2: No such file or directory
debug1: Host 'github.com' is known and matches the ED25519 host key.
debug1: Found key in /home/gus/.ssh/known_hosts:1
debug1: ssh_packet_send2_wrapped: resetting send seqnr 3
debug1: rekey out after 134217728 blocks
debug1: SSH2_MSG_NEWKEYS sent
debug1: expecting SSH2_MSG_NEWKEYS
debug1: ssh_packet_read_poll2: resetting read seqnr 3
debug1: SSH2_MSG_NEWKEYS received
debug1: rekey in after 134217728 blocks
debug1: get_agent_identities: bound agent to hostkey
debug1: get_agent_identities: agent returned 1 keys
debug1: Will attempt key: gustavo.wydler@netrixllc.com ED25519 SHA256:sCaB5uyQxecAZ1UbxE3p0EwDNoDmSDdwpj4Qi5Li5As agent
debug1: Will attempt key: /home/gus/.ssh/id_rsa 
debug1: Will attempt key: /home/gus/.ssh/id_ecdsa 
debug1: Will attempt key: /home/gus/.ssh/id_ecdsa_sk 
debug1: Will attempt key: /home/gus/.ssh/id_ed25519 ED25519 SHA256:z4Bqh7EM0Z0BetwPYgqOC0nmQJD3JG/qFtEgU0ckEOA
debug1: Will attempt key: /home/gus/.ssh/id_ed25519_sk 
debug1: Will attempt key: /home/gus/.ssh/id_xmss 
debug1: Will attempt key: /home/gus/.ssh/id_dsa 
debug1: SSH2_MSG_EXT_INFO received
debug1: kex_input_ext_info: server-sig-algs=<ssh-ed25519-cert-v01@openssh.com,ecdsa-sha2-nistp521-cert-v01@openssh.com,ecdsa-sha2-nistp384-cert-v01@openssh.com,ecdsa-sha2-nistp256-cert-v01@openssh.com,sk-ssh-ed25519-cert-v01@openssh.com,sk-ecdsa-sha2-nistp256-cert-v01@openssh.com,rsa-sha2-512-cert-v01@openssh.com,rsa-sha2-256-cert-v01@openssh.com,ssh-rsa-cert-v01@openssh.com,sk-ssh-ed25519@openssh.com,sk-ecdsa-sha2-nistp256@openssh.com,ssh-ed25519,ecdsa-sha2-nistp521,ecdsa-sha2-nistp384,ecdsa-sha2-nistp256,rsa-sha2-512,rsa-sha2-256,ssh-rsa>
debug1: kex_input_ext_info: publickey-hostbound@openssh.com=<0>
debug1: SSH2_MSG_SERVICE_ACCEPT received
debug1: Authentications that can continue: publickey
debug1: Next authentication method: publickey
debug1: Offering public key: gustavo.wydler@netrixllc.com ED25519 SHA256:sCaB5uyQxecAZ1UbxE3p0EwDNoDmSDdwpj4Qi5Li5As agent
debug1: Server accepts key: gustavo.wydler@netrixllc.com ED25519 SHA256:sCaB5uyQxecAZ1UbxE3p0EwDNoDmSDdwpj4Qi5Li5As agent
Authenticated to github.com ([4.228.31.150]:22) using "publickey".
debug1: channel 0: new [client-session]
debug1: Entering interactive session.
debug1: pledge: filesystem
debug1: client_input_global_request: rtype hostkeys-00@openssh.com want_reply 0
debug1: client_input_hostkeys: searching /home/gus/.ssh/known_hosts for github.com / (none)
debug1: client_input_hostkeys: searching /home/gus/.ssh/known_hosts2 for github.com / (none)
debug1: client_input_hostkeys: hostkeys file /home/gus/.ssh/known_hosts2 does not exist
debug1: client_input_hostkeys: no new or deprecated keys from server
debug1: Sending environment.
debug1: channel 0: setting env LANG = "C.UTF-8"
debug1: client_input_channel_req: channel 0 rtype exit-status reply 0
Hi gunetrix! You've successfully authenticated, but GitHub does not provide shell access.
debug1: channel 0: free: client-session, nchannels 1
Transferred: sent 2260, received 2696 bytes, in 0.5 seconds
Bytes per second: sent 4910.1, received 5857.4
debug1: Exit status 1
